<?xml version="1.0" encoding="UTF-8"?>
<!-- Generated by org.testng.reporters.JUnitReportReporter -->
<testsuite hostname="DESKTOP-E3FNQHB" failures="0" tests="1" name="Api_tescase.TC001_Get_All_Employess" time="0.006" errors="0" timestamp="2022-12-21T15:56:23 IST" skipped="0">
  <testcase classname="Api_tescase.TC001_Get_All_Employess" name="checkservertype" time="0.006"/>
  <system-out/>
</testsuite> <!-- Api_tescase.TC001_Get_All_Employess -->
